<?xml version="1.0" encoding="UTF-8"?>
<testsuite name="com.pogorelov.gradledemo.ServiceTest" tests="1" skipped="0" failures="0" errors="0" timestamp="2020-07-28T17:25:50" hostname="DESKTOP-I0TBOTI" time="0.003">
  <properties/>
  <testcase name="test" classname="com.pogorelov.gradledemo.ServiceTest" time="0.003"/>
  <system-out><![CDATA[2 b || ! 2 b
]]></system-out>
  <system-err><![CDATA[]]></system-err>
</testsuite>
